d:\study\bntu\6 sem\рипод\exam\1\atlproject2\atlproject2\debug\atlproject2.lib
d:\study\bntu\6 sem\рипод\exam\1\atlproject2\atlproject2\debug\atlproject2.exp
d:\study\bntu\6 sem\рипод\exam\atlproject2\atlproject2\debug\atlproject2.lib
d:\study\bntu\6 sem\рипод\exam\atlproject2\atlproject2\debug\atlproject2.exp
d:\study\bntu\6 sem\рипод\exam\1\atlproject2\atlproject2\atlproject2\debug\vc142.pdb
d:\study\bntu\6 sem\рипод\exam\atlproject2\atlproject2\atlproject2\debug\atlproject2.pch
d:\study\bntu\6 sem\рипод\exam\atlproject2\atlproject2\atlproject2\debug\vc142.pdb
d:\study\bntu\6 sem\рипод\exam\atlproject2\atlproject2\atlproject2\debug\vc142.idb
d:\study\bntu\6 sem\рипод\exam\atlproject2\atlproject2\atlproject2\debug\pch.obj
d:\study\bntu\6 sem\рипод\exam\atlproject2\atlproject2\atlproject2\debug\atlsimpleobject.obj
d:\study\bntu\6 sem\рипод\exam\atlproject2\atlproject2\atlproject2\debug\atlproject2.obj
d:\study\bntu\6 sem\рипод\exam\atlproject2\atlproject2\atlproject2\debug\atlproject2_i.obj
d:\study\bntu\6 sem\рипод\exam\atlproject2\atlproject2\atlproject2\debug\dllmain.obj
d:\study\bntu\6 sem\рипод\exam\1\atlproject2\atlproject2\debug\atlproject2.ilk
d:\study\bntu\6 sem\рипод\exam\1\atlproject2\atlproject2\debug\atlproject2.dll
d:\study\bntu\6 sem\рипод\exam\1\atlproject2\atlproject2\debug\atlproject2.pdb
d:\study\bntu\6 sem\рипод\exam\atlproject2\atlproject2\debug\atlproject2.dll
d:\study\bntu\6 sem\рипод\exam\atlproject2\atlproject2\debug\atlproject2.ilk
d:\study\bntu\6 sem\рипод\exam\atlproject2\atlproject2\debug\atlproject2.pdb
d:\study\bntu\6 sem\рипод\exam\atlproject2\atlproject2\atlproject2\debug\atlproject2.tlb
d:\study\bntu\6 sem\рипод\exam\atlproject2\atlproject2\atlproject2\atlproject2_p.c
d:\study\bntu\6 sem\рипод\exam\atlproject2\atlproject2\atlproject2\atlproject2_i.c
d:\study\bntu\6 sem\рипод\exam\atlproject2\atlproject2\atlproject2\atlproject2_i.h
d:\study\bntu\6 sem\рипод\exam\atlproject2\atlproject2\atlproject2\debug\atlproject2.res
d:\study\bntu\6 sem\рипод\exam\atlproject2\atlproject2\atlproject2\debug\atlproject2.tlog\atlproject2.write.1u.tlog
d:\study\bntu\6 sem\рипод\exam\atlproject2\atlproject2\atlproject2\debug\atlproject2.tlog\cl.command.1.tlog
d:\study\bntu\6 sem\рипод\exam\atlproject2\atlproject2\atlproject2\debug\atlproject2.tlog\cl.read.1.tlog
d:\study\bntu\6 sem\рипод\exam\atlproject2\atlproject2\atlproject2\debug\atlproject2.tlog\cl.write.1.tlog
d:\study\bntu\6 sem\рипод\exam\atlproject2\atlproject2\atlproject2\debug\atlproject2.tlog\link.command.1.tlog
d:\study\bntu\6 sem\рипод\exam\atlproject2\atlproject2\atlproject2\debug\atlproject2.tlog\link.read.1.tlog
d:\study\bntu\6 sem\рипод\exam\atlproject2\atlproject2\atlproject2\debug\atlproject2.tlog\link.write.1.tlog
d:\study\bntu\6 sem\рипод\exam\atlproject2\atlproject2\atlproject2\debug\atlproject2.tlog\midl.command.1.tlog
d:\study\bntu\6 sem\рипод\exam\atlproject2\atlproject2\atlproject2\debug\atlproject2.tlog\midl.read.1.tlog
d:\study\bntu\6 sem\рипод\exam\atlproject2\atlproject2\atlproject2\debug\atlproject2.tlog\midl.write.1.tlog
d:\study\bntu\6 sem\рипод\exam\atlproject2\atlproject2\atlproject2\debug\atlproject2.tlog\rc.command.1.tlog
d:\study\bntu\6 sem\рипод\exam\atlproject2\atlproject2\atlproject2\debug\atlproject2.tlog\rc.read.1.tlog
d:\study\bntu\6 sem\рипод\exam\atlproject2\atlproject2\atlproject2\debug\atlproject2.tlog\rc.write.1.tlog
